<?xml version="1.0" encoding="UTF-8"?>
<testng-results ignored="0" total="1" passed="1" failed="0" skipped="0">
  <reporter-output>
  </reporter-output>
  <suite started-at="2021-04-13T10:35:17 WIB" name="parallel" finished-at="2021-04-13T10:35:52 WIB" duration-ms="35536">
    <groups>
    </groups>
    <test started-at="2021-04-13T10:35:17 WIB" name="Device-1" finished-at="2021-04-13T10:35:52 WIB" duration-ms="35536">
      <class name="testScripts.LoginScript">
        <test-method is-config="true" signature="reportSetup()[pri:0, instance:testScripts.LoginScript@3234474]" started-at="2021-04-13T10:35:16 WIB" name="reportSetup" finished-at="2021-04-13T10:35:17 WIB" duration-ms="204" status="PASS">
          <reporter-output>
          </reporter-output>
        </test-method> <!-- reportSetup -->
        <test-method is-config="true" signature="setup(java.lang.String, java.lang.String, java.lang.String, java.lang.String)[pri:0, instance:testScripts.LoginScript@3234474]" started-at="2021-04-13T10:35:17 WIB" name="setup" finished-at="2021-04-13T10:35:35 WIB" duration-ms="18076" status="PASS">
          <params>
            <param index="0">
              <value>
                <![CDATA[Kuri_kame]]>
              </value>
            </param>
            <param index="1">
              <value>
                <![CDATA[11bb51f7]]>
              </value>
            </param>
            <param index="2">
              <value>
                <![CDATA[10.0]]>
              </value>
            </param>
            <param index="3">
              <value>
                <![CDATA[http://127.0.1.1:4723/wd/hub]]>
              </value>
            </param>
          </params>
          <reporter-output>
          </reporter-output>
        </test-method> <!-- setup -->
        <test-method signature="setup()[pri:0, instance:testScripts.LoginScript@3234474]" started-at="2021-04-13T10:35:35 WIB" name="setup" finished-at="2021-04-13T10:35:52 WIB" duration-ms="17402" status="PASS">
          <reporter-output>
          </reporter-output>
        </test-method> <!-- setup -->
        <test-method is-config="true" signature="reportTearDown()[pri:0, instance:testScripts.LoginScript@3234474]" started-at="2021-04-13T10:35:53 WIB" name="reportTearDown" finished-at="2021-04-13T10:35:54 WIB" duration-ms="1100" status="PASS">
          <reporter-output>
          </reporter-output>
        </test-method> <!-- reportTearDown -->
      </class> <!-- testScripts.LoginScript -->
    </test> <!-- Device-1 -->
  </suite> <!-- parallel -->
</testng-results>
